2025-07-26 18:32:29.337093 - User: Anonymous - Path: /
2025-07-26 18:32:30.870800 - User: Anonymous - Path: /swagger/
2025-07-26 18:32:36.657315 - User: Anonymous - Path: /swagger/
2025-07-26 18:44:20.900941 - User: Anonymous - Path: /swagger/
2025-07-26 18:44:21.756198 - User: Anonymous - Path: /swagger/
2025-07-26 18:47:58.607167 - User: Anonymous - Path: /api-auth/conversations/
2025-07-26 18:48:20.538282 - User: Anonymous - Path: /accounts/login/
2025-07-26 18:48:52.327379 - User: Anonymous - Path: /api-auth/conversations/
2025-07-26 18:49:58.334179 - User: Anonymous - Path: /api/token/
2025-07-26 18:50:23.734408 - User: Anonymous - Path: /api/token/
2025-07-26 18:50:56.810955 - User: Anonymous - Path: /api-auth/conversations/
2025-07-26 18:51:21.663626 - User: Anonymous - Path: /api-auth/conversations/
2025-07-26 18:51:57.699386 - User: Anonymous - Path: /api-auth/conversations/
2025-07-26 18:52:22.173268 - User: Anonymous - Path: /api-auth/conversations/
2025-07-26 18:55:23.198638 - User: Anonymous - Path: /api/token
2025-07-26 18:55:23.279420 - User: Anonymous - Path: /api/token/
2025-07-26 18:55:30.877771 - User: Anonymous - Path: /api/token/
2025-07-26 19:04:45.218671 - User: Anonymous - Path: /swagger/
2025-07-26 19:04:47.151380 - User: Anonymous - Path: /swagger/
2025-07-26 19:05:43.953668 - User: Anonymous - Path: /api-auth/conversations/
2025-07-26 19:16:31.913131 - User: Anonymous - Path: /swagger/
2025-07-26 19:16:32.317770 - User: Anonymous - Path: /swagger/
2025-07-26 19:16:41.006101 - User: Anonymous - Path: /swagger/
2025-07-26 19:16:41.199140 - User: Anonymous - Path: /swagger/
2025-07-26 19:20:27.311551 - User: Anonymous - Path: /swagger/
2025-07-26 19:20:27.510698 - User: Anonymous - Path: /swagger/
2025-07-26 19:44:34.354834 - User: Anonymous - Path: /swagger/
2025-07-26 19:44:35.054557 - User: Anonymous - Path: /swagger/
2025-07-26 19:58:23.283884 - User: Anonymous - Path: /
2025-07-26 19:58:23.407674 - User: Anonymous - Path: /swagger/
2025-07-26 19:58:24.572250 - User: Anonymous - Path: /swagger/
